[debug] [2018-09-27T01:47:20.158Z] ----------------------------------------------------------------------
[debug] [2018-09-27T01:47:20.164Z] Command:       C:\Program Files\nodejs\node.exe C:\Users\riley\AppData\Roaming\npm\node_modules\firebase-tools\bin\firebase serve
[debug] [2018-09-27T01:47:20.165Z] CLI Version:   4.2.1
[debug] [2018-09-27T01:47:20.165Z] Platform:      win32
[debug] [2018-09-27T01:47:20.165Z] Node Version:  v8.12.0
[debug] [2018-09-27T01:47:20.166Z] Time:          Wed Sep 26 2018 19:47:20 GMT-0600 (Mountain Daylight Time)
[debug] [2018-09-27T01:47:20.166Z] ----------------------------------------------------------------------
[debug] 
[debug] [2018-09-27T01:47:20.197Z] > command requires scopes: ["email","openid","https://www.googleapis.com/auth/cloudplatformprojects.readonly","https://www.googleapis.com/auth/firebase","https://www.googleapis.com/auth/cloud-platform"]
[debug] [2018-09-27T01:47:20.198Z] > authorizing via signed-in user
[debug] [2018-09-27T01:47:20.204Z] > refreshing access token with scopes: ["email","https://www.googleapis.com/auth/cloud-platform","https://www.googleapis.com/auth/cloudplatformprojects.readonly","https://www.googleapis.com/auth/firebase","openid"]
[debug] [2018-09-27T01:47:20.204Z] >>> HTTP REQUEST POST https://www.googleapis.com/oauth2/v3/token  

[debug] [2018-09-27T01:47:20.589Z] <<< HTTP RESPONSE 200
[debug] [2018-09-27T01:47:20.607Z] >>> HTTP REQUEST GET https://admin.firebase.com/v1/projects/pvtracker-ffcc2  
 
[debug] [2018-09-27T01:47:21.115Z] <<< HTTP RESPONSE 200
[debug] [2018-09-27T01:47:21.117Z] >>> HTTP REQUEST GET https://cloudresourcemanager.googleapis.com/v1/projects/pvtracker-ffcc2  
 
[debug] [2018-09-27T01:47:21.432Z] <<< HTTP RESPONSE 200
[info] 
[info] === Serving from 'C:\Users\riley\OneDrive\Documents\Coding\firebase\PVTracker'...
[info] 
[debug] [2018-09-27T01:47:21.437Z] >>> HTTP REQUEST GET https://mobilesdk-pa.googleapis.com/v1/projects/247012451881/clients/_:getWebAppConfig  
 
[debug] [2018-09-27T01:47:21.731Z] <<< HTTP RESPONSE 200
[info] i  hosting[pvtracker-ffcc2]: Serving hosting files from: public
[info] +  hosting[pvtracker-ffcc2]: Local server: http://localhost:5000
